<?xml version="1.0" encoding="UTF-8"?>
<robot generator="Robot 6.0.2 (Python 3.10.4 on win32)" generated="20230125 16:22:12.248" rpa="false" schemaversion="3">
<suite id="s1" name="Add Employee Test" source="C:\Users\40032114\Orange_automation\2__employee_suite\01__add_employee_test.robot">
<test id="s1-t1" name="TC_TC1" line="14">
<kw name="Launch Browser And Navigate To Url" library="common_functionalities" type="SETUP">
<kw name="Open Browser" library="SeleniumLibrary">
<arg>browser=${BROWSER_NAME}</arg>
<doc>Opens a new browser instance to the optional ``url``.</doc>
<msg timestamp="20230125 16:22:13.536" level="INFO">Opening browser 'chrome' to base url 'None'.</msg>
<status status="PASS" starttime="20230125 16:22:13.534" endtime="20230125 16:22:15.345"/>
</kw>
<kw name="Maximize Browser Window" library="SeleniumLibrary">
<doc>Maximizes current browser window.</doc>
<status status="PASS" starttime="20230125 16:22:15.345" endtime="20230125 16:22:15.477"/>
</kw>
<kw name="Set Selenium Implicit Wait" library="SeleniumLibrary">
<arg>20s</arg>
<doc>Sets the implicit wait value used by Selenium.</doc>
<status status="PASS" starttime="20230125 16:22:15.477" endtime="20230125 16:22:15.480"/>
</kw>
<kw name="Go To" library="SeleniumLibrary">
<arg>url=${URL}</arg>
<doc>Navigates the current browser window to the provided ``url``.</doc>
<msg timestamp="20230125 16:22:15.482" level="INFO">Opening url 'https://opensource-demo.orangehrmlive.com/'</msg>
<status status="PASS" starttime="20230125 16:22:15.481" endtime="20230125 16:22:23.072"/>
</kw>
<status status="PASS" starttime="20230125 16:22:13.534" endtime="20230125 16:22:23.073"/>
</kw>
<kw name="Add Valid Employee Template">
<arg>Admin</arg>
<arg>admin123</arg>
<arg>john</arg>
<arg>j</arg>
<arg>ken</arg>
<arg>john ken</arg>
<arg>john</arg>
<kw name="Input Text" library="SeleniumLibrary">
<arg>name:username</arg>
<arg>${username}</arg>
<doc>Types the given ``text`` into the text field identified by ``locator``.</doc>
<msg timestamp="20230125 16:22:23.076" level="INFO">Typing text 'Admin' into text field 'name:username'.</msg>
<status status="PASS" starttime="20230125 16:22:23.075" endtime="20230125 16:22:25.050"/>
</kw>
<kw name="Input Password" library="SeleniumLibrary">
<arg>name:password</arg>
<arg>${password}</arg>
<doc>Types the given password into the text field identified by ``locator``.</doc>
<msg timestamp="20230125 16:22:25.050" level="INFO">Typing password into text field 'name:password'.</msg>
<msg timestamp="20230125 16:22:25.105" level="INFO">Temporally setting log level to: NONE</msg>
<msg timestamp="20230125 16:22:25.181" level="INFO">Log level changed from NONE to INFO.</msg>
<status status="PASS" starttime="20230125 16:22:25.050" endtime="20230125 16:22:25.181"/>
</kw>
<kw name="Click Element" library="SeleniumLibrary">
<arg>xpath=//button[@class='oxd-button oxd-button--medium oxd-button--main orangehrm-login-button']</arg>
<doc>Click the element identified by ``locator``.</doc>
<msg timestamp="20230125 16:22:25.181" level="INFO">Clicking element 'xpath=//button[@class='oxd-button oxd-button--medium oxd-button--main orangehrm-login-button']'.</msg>
<status status="PASS" starttime="20230125 16:22:25.181" endtime="20230125 16:22:26.999"/>
</kw>
<kw name="Click Element" library="SeleniumLibrary">
<arg>xpath=//span[contains(normalize-space(),'PIM')]</arg>
<doc>Click the element identified by ``locator``.</doc>
<msg timestamp="20230125 16:22:27.002" level="INFO">Clicking element 'xpath=//span[contains(normalize-space(),'PIM')]'.</msg>
<status status="PASS" starttime="20230125 16:22:27.000" endtime="20230125 16:22:29.013"/>
</kw>
<kw name="Click Element" library="SeleniumLibrary">
<arg>link=Add Employee</arg>
<doc>Click the element identified by ``locator``.</doc>
<msg timestamp="20230125 16:22:29.015" level="INFO">Clicking element 'link=Add Employee'.</msg>
<status status="PASS" starttime="20230125 16:22:29.014" endtime="20230125 16:22:30.620"/>
</kw>
<kw name="Input Text" library="SeleniumLibrary">
<arg>name:firstName</arg>
<arg>${firstname}</arg>
<doc>Types the given ``text`` into the text field identified by ``locator``.</doc>
<msg timestamp="20230125 16:22:30.622" level="INFO">Typing text 'john' into text field 'name:firstName'.</msg>
<status status="PASS" starttime="20230125 16:22:30.621" endtime="20230125 16:22:31.197"/>
</kw>
<kw name="Input Text" library="SeleniumLibrary">
<arg>name:middleName</arg>
<arg>${middlename}</arg>
<doc>Types the given ``text`` into the text field identified by ``locator``.</doc>
<msg timestamp="20230125 16:22:31.198" level="INFO">Typing text 'j' into text field 'name:middleName'.</msg>
<status status="PASS" starttime="20230125 16:22:31.197" endtime="20230125 16:22:31.309"/>
</kw>
<kw name="Input Text" library="SeleniumLibrary">
<arg>name:lastName</arg>
<arg>${lastname}</arg>
<doc>Types the given ``text`` into the text field identified by ``locator``.</doc>
<msg timestamp="20230125 16:22:31.310" level="INFO">Typing text 'ken' into text field 'name:lastName'.</msg>
<status status="PASS" starttime="20230125 16:22:31.310" endtime="20230125 16:22:31.431"/>
</kw>
<kw name="Sleep" library="BuiltIn">
<arg>5s</arg>
<doc>Pauses the test executed for the given time.</doc>
<msg timestamp="20230125 16:22:36.453" level="INFO">Slept 5 seconds</msg>
<status status="PASS" starttime="20230125 16:22:31.432" endtime="20230125 16:22:36.453"/>
</kw>
<kw name="Click Element" library="SeleniumLibrary">
<arg>xpath=//button[contains(normalize-space(),'Save')]</arg>
<doc>Click the element identified by ``locator``.</doc>
<msg timestamp="20230125 16:22:36.453" level="INFO">Clicking element 'xpath=//button[contains(normalize-space(),'Save')]'.</msg>
<status status="PASS" starttime="20230125 16:22:36.453" endtime="20230125 16:22:36.528"/>
</kw>
<kw name="Element Should Contain" library="SeleniumLibrary">
<arg>xpath=//h6[contains(normalize-space(),'${firstname}')]</arg>
<arg>${expected_header}</arg>
<doc>Verifies that element ``locator`` contains text ``expected``.</doc>
<msg timestamp="20230125 16:22:43.057" level="INFO">Element 'xpath=//h6[contains(normalize-space(),'john')]' contains text 'john ken'.</msg>
<status status="PASS" starttime="20230125 16:22:36.528" endtime="20230125 16:22:43.057"/>
</kw>
<kw name="Element Attribute Value Should Be" library="SeleniumLibrary">
<arg>name:firstName</arg>
<arg>value</arg>
<arg>${expected_firstname}</arg>
<doc>Verifies element identified by ``locator`` contains expected attribute value.</doc>
<msg timestamp="20230125 16:22:43.089" level="INFO">Element 'name:firstName' attribute 'value' contains value 'john'.</msg>
<status status="PASS" starttime="20230125 16:22:43.058" endtime="20230125 16:22:43.089"/>
</kw>
<status status="PASS" starttime="20230125 16:22:23.073" endtime="20230125 16:22:43.091"/>
</kw>
<kw name="Close Browser" library="SeleniumLibrary" type="TEARDOWN">
<doc>Closes the current browser.</doc>
<status status="PASS" starttime="20230125 16:22:43.091" endtime="20230125 16:22:45.342"/>
</kw>
<status status="PASS" starttime="20230125 16:22:13.530" endtime="20230125 16:22:45.342"/>
</test>
<test id="s1-t2" name="TC_TC2" line="14">
<kw name="Launch Browser And Navigate To Url" library="common_functionalities" type="SETUP">
<kw name="Open Browser" library="SeleniumLibrary">
<arg>browser=${BROWSER_NAME}</arg>
<doc>Opens a new browser instance to the optional ``url``.</doc>
<msg timestamp="20230125 16:22:45.342" level="INFO">Opening browser 'chrome' to base url 'None'.</msg>
<status status="PASS" starttime="20230125 16:22:45.342" endtime="20230125 16:22:47.016"/>
</kw>
<kw name="Maximize Browser Window" library="SeleniumLibrary">
<doc>Maximizes current browser window.</doc>
<status status="PASS" starttime="20230125 16:22:47.017" endtime="20230125 16:22:47.149"/>
</kw>
<kw name="Set Selenium Implicit Wait" library="SeleniumLibrary">
<arg>20s</arg>
<doc>Sets the implicit wait value used by Selenium.</doc>
<status status="PASS" starttime="20230125 16:22:47.150" endtime="20230125 16:22:47.156"/>
</kw>
<kw name="Go To" library="SeleniumLibrary">
<arg>url=${URL}</arg>
<doc>Navigates the current browser window to the provided ``url``.</doc>
<msg timestamp="20230125 16:22:47.158" level="INFO">Opening url 'https://opensource-demo.orangehrmlive.com/'</msg>
<status status="PASS" starttime="20230125 16:22:47.157" endtime="20230125 16:23:03.734"/>
</kw>
<status status="PASS" starttime="20230125 16:22:45.342" endtime="20230125 16:23:03.735"/>
</kw>
<kw name="Add Valid Employee Template">
<arg>Admin</arg>
<arg>admin123</arg>
<arg>peter</arg>
<arg>j</arg>
<arg>ken</arg>
<arg>peter ken</arg>
<arg>peter</arg>
<kw name="Input Text" library="SeleniumLibrary">
<arg>name:username</arg>
<arg>${username}</arg>
<doc>Types the given ``text`` into the text field identified by ``locator``.</doc>
<msg timestamp="20230125 16:23:03.738" level="INFO">Typing text 'Admin' into text field 'name:username'.</msg>
<status status="PASS" starttime="20230125 16:23:03.736" endtime="20230125 16:23:05.358"/>
</kw>
<kw name="Input Password" library="SeleniumLibrary">
<arg>name:password</arg>
<arg>${password}</arg>
<doc>Types the given password into the text field identified by ``locator``.</doc>
<msg timestamp="20230125 16:23:05.358" level="INFO">Typing password into text field 'name:password'.</msg>
<msg timestamp="20230125 16:23:05.396" level="INFO">Temporally setting log level to: NONE</msg>
<msg timestamp="20230125 16:23:05.518" level="INFO">Log level changed from NONE to INFO.</msg>
<status status="PASS" starttime="20230125 16:23:05.358" endtime="20230125 16:23:05.518"/>
</kw>
<kw name="Click Element" library="SeleniumLibrary">
<arg>xpath=//button[@class='oxd-button oxd-button--medium oxd-button--main orangehrm-login-button']</arg>
<doc>Click the element identified by ``locator``.</doc>
<msg timestamp="20230125 16:23:05.521" level="INFO">Clicking element 'xpath=//button[@class='oxd-button oxd-button--medium oxd-button--main orangehrm-login-button']'.</msg>
<status status="PASS" starttime="20230125 16:23:05.518" endtime="20230125 16:23:05.591"/>
</kw>
<kw name="Click Element" library="SeleniumLibrary">
<arg>xpath=//span[contains(normalize-space(),'PIM')]</arg>
<doc>Click the element identified by ``locator``.</doc>
<msg timestamp="20230125 16:23:05.592" level="INFO">Clicking element 'xpath=//span[contains(normalize-space(),'PIM')]'.</msg>
<status status="PASS" starttime="20230125 16:23:05.591" endtime="20230125 16:23:11.099"/>
</kw>
<kw name="Click Element" library="SeleniumLibrary">
<arg>link=Add Employee</arg>
<doc>Click the element identified by ``locator``.</doc>
<msg timestamp="20230125 16:23:11.101" level="INFO">Clicking element 'link=Add Employee'.</msg>
<status status="PASS" starttime="20230125 16:23:11.099" endtime="20230125 16:23:12.557"/>
</kw>
<kw name="Input Text" library="SeleniumLibrary">
<arg>name:firstName</arg>
<arg>${firstname}</arg>
<doc>Types the given ``text`` into the text field identified by ``locator``.</doc>
<msg timestamp="20230125 16:23:12.558" level="INFO">Typing text 'peter' into text field 'name:firstName'.</msg>
<status status="PASS" starttime="20230125 16:23:12.557" endtime="20230125 16:23:13.382"/>
</kw>
<kw name="Input Text" library="SeleniumLibrary">
<arg>name:middleName</arg>
<arg>${middlename}</arg>
<doc>Types the given ``text`` into the text field identified by ``locator``.</doc>
<msg timestamp="20230125 16:23:13.383" level="INFO">Typing text 'j' into text field 'name:middleName'.</msg>
<status status="PASS" starttime="20230125 16:23:13.382" endtime="20230125 16:23:13.482"/>
</kw>
<kw name="Input Text" library="SeleniumLibrary">
<arg>name:lastName</arg>
<arg>${lastname}</arg>
<doc>Types the given ``text`` into the text field identified by ``locator``.</doc>
<msg timestamp="20230125 16:23:13.482" level="INFO">Typing text 'ken' into text field 'name:lastName'.</msg>
<status status="PASS" starttime="20230125 16:23:13.482" endtime="20230125 16:23:13.603"/>
</kw>
<kw name="Sleep" library="BuiltIn">
<arg>5s</arg>
<doc>Pauses the test executed for the given time.</doc>
<msg timestamp="20230125 16:23:18.609" level="INFO">Slept 5 seconds</msg>
<status status="PASS" starttime="20230125 16:23:13.603" endtime="20230125 16:23:18.609"/>
</kw>
<kw name="Click Element" library="SeleniumLibrary">
<arg>xpath=//button[contains(normalize-space(),'Save')]</arg>
<doc>Click the element identified by ``locator``.</doc>
<msg timestamp="20230125 16:23:18.609" level="INFO">Clicking element 'xpath=//button[contains(normalize-space(),'Save')]'.</msg>
<status status="PASS" starttime="20230125 16:23:18.609" endtime="20230125 16:23:18.680"/>
</kw>
<kw name="Element Should Contain" library="SeleniumLibrary">
<arg>xpath=//h6[contains(normalize-space(),'${firstname}')]</arg>
<arg>${expected_header}</arg>
<doc>Verifies that element ``locator`` contains text ``expected``.</doc>
<msg timestamp="20230125 16:23:28.059" level="INFO">Element 'xpath=//h6[contains(normalize-space(),'peter')]' contains text 'peter ken'.</msg>
<status status="PASS" starttime="20230125 16:23:18.681" endtime="20230125 16:23:28.060"/>
</kw>
<kw name="Element Attribute Value Should Be" library="SeleniumLibrary">
<arg>name:firstName</arg>
<arg>value</arg>
<arg>${expected_firstname}</arg>
<doc>Verifies element identified by ``locator`` contains expected attribute value.</doc>
<msg timestamp="20230125 16:23:28.089" level="INFO">Element 'name:firstName' attribute 'value' contains value 'peter'.</msg>
<status status="PASS" starttime="20230125 16:23:28.060" endtime="20230125 16:23:28.090"/>
</kw>
<status status="PASS" starttime="20230125 16:23:03.735" endtime="20230125 16:23:28.090"/>
</kw>
<kw name="Close Browser" library="SeleniumLibrary" type="TEARDOWN">
<doc>Closes the current browser.</doc>
<status status="PASS" starttime="20230125 16:23:28.090" endtime="20230125 16:23:30.360"/>
</kw>
<status status="PASS" starttime="20230125 16:22:45.342" endtime="20230125 16:23:30.360"/>
</test>
<doc>This file contains test cases related to employee
records</doc>
<status status="PASS" starttime="20230125 16:22:12.255" endtime="20230125 16:23:30.360"/>
</suite>
<statistics>
<total>
<stat pass="2" fail="0" skip="0">All Tests</stat>
</total>
<tag>
</tag>
<suite>
<stat pass="2" fail="0" skip="0" id="s1" name="Add Employee Test">Add Employee Test</stat>
</suite>
</statistics>
<errors>
</errors>
</robot>
